<?xml version="1.0" encoding="UTF-8"?>
<!-- Generated by org.testng.reporters.JUnitReportReporter -->
<testsuite hostname="DESKTOP-4V2B5VI" failures="0" tests="1" name="testClasses.VerifyUserCanLogin" time="5.162" errors="0" timestamp="2022-10-10T20:28:23 IST" skipped="0">
  <testcase classname="testClasses.VerifyUserCanLogin" name="VerifyUserLogin" time="5.162"/>
  <system-out/>
</testsuite> <!-- testClasses.VerifyUserCanLogin -->
